         w __deregister_frame_info
         w __register_frame_info
         w __syscall_lock_close_recursive
         w userAppExit
         w userAppInit
00000000 00000802 B __ctru_dev_utf16_buf
00000000 a shift
00000000 b _TLS_MODULE_BASE_
00000804 00000401 B __ctru_dev_path_buf
00100000 A __start__
00100000 T _start
00100008 T __service_ptr
0010000c T __apt_appid
00100010 T __heap_size
00100014 T __linear_heap_size
00100018 T __system_arglist
0010001c T __system_runflags
00100020 t startup
00100058 t ClearMem
0010006c t ClrLoop
00100094 T _init
001000ac T __aeabi_uidiv
001000ac 000001ec T __udivsi3
001000ac t .udivsi3_skip_div0_test
00100298 00000020 T __aeabi_uidivmod
001002b8 00000004 W __aeabi_idiv0
001002b8 00000004 W __aeabi_ldiv0
001002bc T __aeabi_drsub
001002c4 000002b0 T __aeabi_dsub
001002c4 000002b0 T __subdf3
001002c8 000002ac T __adddf3
001002c8 000002ac T __aeabi_dadd
00100574 00000024 T __aeabi_ui2d
00100574 00000024 T __floatunsidf
00100598 00000028 T __aeabi_i2d
00100598 00000028 T __floatsidf
001005c0 00000048 T __aeabi_f2d
001005c0 00000048 T __extendsfdf2
00100608 00000074 T __aeabi_ul2d
00100608 00000074 T __floatundidf
0010061c 00000060 T __aeabi_l2d
0010061c 00000060 T __floatdidf
0010067c T __aeabi_ldivmod
00100768 00000390 T strcmp
00100af0 t __do_global_dtors_aux
00100b30 t frame_dummy
00100b5c 00000594 T main
001010f0 00000044 t C2Di_FrameEndHook
00101138 0000036c T C2D_Init
001014a4 0000004c T C2D_Fini
001014f0 000000b8 T C2D_Prepare
001015a8 0000013c T C2Di_CalcQuad
001016e4 00000058 T C2Di_AppendQuad
0010173c 00000550 T C2Di_Update
00101c8c 000002b0 T C2D_DrawImage
00101f3c 0000006c T C2D_SpriteSheetLoadFromHandle
00101fa8 00000048 T C2D_SpriteSheetLoad
00101ff0 00000028 T C2D_SpriteSheetFree
00102018 00000008 T C2D_SpriteSheetCount
00102020 0000002c T C2D_SpriteSheetGetImage
0010204c 00000004 W C3Di_LightEnvUpdate
00102050 00000004 W C3Di_GasUpdate
00102054 000004e8 T C3Di_UpdateContext
0010253c 000000e0 T C3Di_SplitFrame
0010261c 00000044 T C3D_Fini
00102660 00000114 T C3D_BindProgram
00102774 00000080 t C3Di_RenderTargetDestroy
001027f4 000000b0 T C3Di_RenderQueueExit
001028a4 0000001c T C3D_FrameEndHook
001028c0 000000fc T C3D_SyncTextureCopy
001029bc 00000294 T C3D_TexInitWithParams
00102c50 000000c8 T C3D_TexLoadImage
00102d18 00000044 T C3D_TexBind
00102d5c 00000074 T C3D_TexDelete
00102dd0 0000016c T C3Di_SetTex
00102f3c 000003f4 t Tex3DSi_ImportCommon
00103330 00000038 T Tex3DS_TextureImportStdio
00103368 00000008 T Tex3DS_GetNumSubTextures
00103370 0000001c T Tex3DS_GetSubTexture
0010338c 00000004 T Tex3DS_TextureFree
00103390 0000016c T C3Di_FrameBufBind
001034fc 00000034 T C3D_GetTexEnv
00103530 00000024 T C3Di_TexEnvBind
00103554 00000218 T C3D_DrawElements
0010376c 00000070 T C3D_ProcTexInit
001037dc 00000054 T C3D_ProcTexBind
00103830 0000005c T C3D_ProcTexLutBind
0010388c 000000a4 T ProcTexLut_FromArray
00103930 0000017c T C3Di_ProcTexUpdate
00103aac 00000024 T BufInfo_Init
00103ad0 00000080 T BufInfo_Add
00103b50 00000040 T C3D_SetBufInfo
00103b90 00000048 T C3Di_BufInfoBind
00103bd8 0000001c T C3D_CullFace
00103bf4 0000002c T C3D_DepthTest
00103c20 000001ac T C3Di_EffectBind
00103dcc 00000028 T AttrInfo_Init
00103df4 00000094 T AttrInfo_AddLoader
00103e88 00000054 T C3D_SetAttrInfo
00103edc 00000080 T C3Di_AttrInfoBind
00103f5c 000000a8 T C3D_ImmSendAttrib
00104004 00000280 T C3D_UpdateUniforms
00104284 000000d8 T C3Di_LoadShaderUniforms
0010435c 00000028 T C3Di_ClearShaderUniforms
00104384 000000cc T Mtx_OrthoTilt
00104450 00000024 t addrMapNodeComparator(rbtree_node const*, rbtree_node const*)
00104474 00000004 t addrMapNodeDestructor(rbtree_node*)
00104478 00000250 T vramMemAlignAt
001046c8 0000000c T vramAlloc
001046d4 00000090 T vramFree
00104764 00000024 t addrMapNodeComparator(rbtree_node const*, rbtree_node const*)
00104788 00000004 t addrMapNodeDestructor(rbtree_node*)
0010478c 00000120 T linearMemAlign
001048ac 00000008 T linearAlloc
001048b4 0000005c T linearFree
00104910 00000080 T MemPool::CoalesceRight(MemBlock*)
00104990 0000016c T MemPool::Allocate(MemChunk&, unsigned long, int)
00104afc 000000fc T MemPool::Deallocate(MemChunk const&)
00104bf8 00000030 T MemPool::GetFreeSpace()
00104c28 00000008 t romfs_close
00104c30 000000c0 t romfs_seek
00104cf0 00000024 t romfs_dirreset
00104d14 000000c8 t fill_dir
00104ddc 0000028c t romfs_dirnext
00105068 00000084 t romfs_free
001050ec 000000d4 t searchForFile.constprop.0
001051c0 000000d8 t searchForDir.constprop.0
00105298 000001c0 t navigateToDir.constprop.0
00105458 0000010c t romfs_open
00105564 0000004c t romfs_chdir
001055b0 00000070 t romfs_diropen
00105620 00000174 t romfs_stat
00105794 00000008 t romfs_dirclose
001057a0 00000084 t romfs_fstat
00105824 000000d0 t romfs_read
001058f4 0000028c T romfsMountFromFile
00105b80 00000098 T romfsMountFromCurrentProcess
00105c18 00000260 T romfsMountSelf
00105e78 000000a0 T romfsUnmount
00105f18 00000074 T osConvertVirtToPhys
00105f8c 00000054 T osGetTimeRef
00105fe0 000000ec T osGetTime
001060cc 00000034 T __ctru_speedup_config
00106100 000000d0 t gfxPresentFramebuffer
001061d0 000000ec T gfxSetScreenFormat
001062bc 00000010 T gfxSetDoubleBuffering
001062cc 000000e0 T gfxInit
001063ac 00000010 T gfxInitDefault
001063bc 000000b4 T gfxExit
00106470 000000a0 T gfxGetFramebuffer
00106510 00000104 T gfxFlushBuffers
00106614 00000050 T gfxSwapBuffers
00106664 000001d4 T shaderInstanceInit
00106838 00000018 T shaderInstanceGetUniformLocation
00106850 0000001c T shaderProgramInit
0010686c 00000064 T shaderProgramFree
001068d0 00000080 T shaderProgramSetVsh
00106950 000008e0 T shaderProgramConfigure
00107230 000001cc t DVLE_GenerateOutmap.part.0
001073fc 000001b4 T DVLB_ParseFile
001075b0 00000038 T DVLB_Free
001075e8 00000074 T DVLE_GetUniformRegister
0010765c 00000010 T GX_BindQueue
0010766c 00000078 T GX_ProcessCommandList
001076e4 00000074 T GX_TextureCopy
00107758 00000068 t gxCmdQueueDoCommands.part.0
001077c0 000000c8 T gxCmdQueueInterrupt
00107888 0000004c T gxCmdQueueClear
001078d4 000000f8 T gxCmdQueueAdd
001079cc 00000080 T gxCmdQueueRun
00107a4c 00000060 T gxCmdQueueStop
00107aac 00000074 T gxCmdQueueWait
00107b20 0000013c T GPUCMD_Add
00107c5c 000000b0 T GPUCMD_Split
00107d0c 00000034 T f32tof24
00107d40 00000c58 t gspHardwareInit
00108998 00000248 T gspInit
00108be0 000000f0 T gspExit
00108cd0 00000010 T gspHasGpuRight
00108ce0 000000a0 T gspPresentBuffer
00108d80 00000030 T gspSetEventCallback
00108db0 00000044 T gspWaitForEvent
00108df4 0000004c T gspWaitForAnyEvent
00108e40 00000158 t gspEventThreadMain
00108f98 00000130 T gspSubmitGxCommand
001090c8 00000050 T GSPGPU_FlushDataCache
00109118 00000034 T GSPGPU_SetLcdForceBlack
0010914c 00000068 T GSPGPU_AcquireRight
001091b4 00000048 T GSPGPU_ReleaseRight
001091fc 0000007c T GSPGPU_ImportDisplayCaptureInfo
00109278 0000002c T GSPGPU_SaveVramSysArea
001092a4 0000002c T GSPGPU_RestoreVramSysArea
001092d0 000001a4 t aptConvertScreenForCapture
00109474 00000008 W aptDspSleep
0010947c 00000004 W aptDspWakeup
00109480 00000004 W aptDspCancel
00109484 00000158 T aptSendCommand
001095e0 00000044 t aptExitProcess
00109624 000003b0 T aptExit
001099d4 000000e0 T aptHandleSleep
00109ab4 00000030 T aptUnhook
00109ae4 00000084 T APT_SleepIfShellClosed
00109b68 00000084 T aptSetSleepAllowed
00109bec 00000084 T APT_UnlockTransition
00109c70 000004a4 t aptEventHandler
0010a114 000000b0 T APT_ReceiveParameter
0010a1c4 000000b0 t aptReceiveParameter.constprop.0
0010a278 000002ac t aptScreenTransfer
0010a524 00000344 t aptWaitForWakeUp.isra.0
0010a868 00000100 T aptJumpToHomeMenu
0010a968 00000048 T aptMainLoop
0010a9b0 0000022c T aptInit
0010abdc 0000007c T APT_CheckNew3DS
0010ac58 00000024 W hidShouldUseIrrst
0010ac7c 0000018c T hidInit
0010ae08 000000e8 T hidExit
0010aef0 000002a4 T hidScanInput
0010b194 00000010 T hidKeysHeld
0010b1a4 00000010 T hidKeysDown
0010b1b4 00000010 T hidKeysUp
0010b1c4 00000018 T hidTouchRead
0010b1dc 00000074 T ptmSysmInit
0010b250 0000003c T ptmSysmExit
0010b28c 00000034 T PTMSYSM_ConfigureNew3DSCPU
0010b2c0 000000cc T fsInit
0010b38c 0000003c T fsExit
0010b3c8 00000060 T fsExemptFromSession
0010b428 00000050 T fsUnexemptFromSession
0010b478 000000cc T FSUSER_OpenFile
0010b544 000000d4 T FSUSER_OpenFileDirectly
0010b618 000000bc T FSUSER_DeleteFile
0010b6d4 000000f8 T FSUSER_RenameFile
0010b7cc 000000bc T FSUSER_DeleteDirectory
0010b888 000000d4 T FSUSER_CreateFile
0010b95c 000000c4 T FSUSER_CreateDirectory
0010ba20 000000f8 T FSUSER_RenameDirectory
0010bb18 000000b4 T FSUSER_OpenDirectory
0010bbcc 00000098 T FSUSER_OpenArchive
0010bc64 0000008c T FSUSER_CloseArchive
0010bcf0 00000074 T FSUSER_GetSdmcArchiveResource
0010bd64 00000064 T FSUSER_IsSdmcWritable
0010bdc8 00000058 T FSFILE_Read
0010be20 00000060 T FSFILE_Write
0010be80 0000003c T FSFILE_GetSize
0010bebc 00000028 T FSFILE_SetSize
0010bee4 0000003c T FSFILE_Close
0010bf20 00000024 T FSFILE_Flush
0010bf44 00000050 T FSDIR_Read
0010bf94 0000003c T FSDIR_Close
0010bfd0 000000c4 t buffer_read
0010c094 000000d0 t iov_read
0010c164 00000138 t iov_memmove
0010c29c 000001dc t decompress_rle
0010c478 00000244 t decompress_lzss
0010c6bc 00000424 t decompress_lz11
0010cae0 000002d8 t decompress_huff
0010cdb8 00000010 T decompressCallback_Stdio
0010cdc8 000000dc T decompressHeader
0010cea4 00000240 T decompressV
0010d0e4 00000010 T rbtree_init
0010d0f4 000001b4 t do_insert
0010d2a8 00000008 T rbtree_insert
0010d2b0 00000090 T rbtree_rotate
0010d340 00000318 T rbtree_remove
0010d658 00000074 T rbtree_find
0010d6cc 000000e8 T utf16_to_utf8
0010d7b4 00000064 T decode_utf16
0010d818 000000c0 T utf8_to_utf16
0010d8d8 000001e0 W __system_allocateHeaps
0010dab8 00000038 W __libctru_init
0010daf0 00000170 W __system_initArgv
0010dc60 T svcControlMemory
0010dc80 T svcQueryMemory
0010dcb0 T svcExitProcess
0010dcb8 T svcCreateThread
0010dcd8 T svcExitThread
0010dce0 T svcSleepThread
0010dce8 T svcReleaseMutex
0010dcf0 T svcCreateEvent
0010dd04 T svcSignalEvent
0010dd0c T svcClearEvent
0010dd14 T svcMapMemoryBlock
0010dd1c T svcUnmapMemoryBlock
0010dd24 T svcCreateAddressArbiter
0010dd38 T svcArbitrateAddressNoTimeout
0010dd40 T svcCloseHandle
0010dd48 T svcWaitSynchronization
0010dd50 T svcWaitSynchronizationN
0010dd78 T svcDuplicateHandle
0010dd8c T svcGetSystemTick
0010dd94 T svcConnectToPort
0010dda8 T svcSendSyncRequest
0010ddb0 T svcGetResourceLimit
0010ddc4 T svcGetResourceLimitLimitValues
0010ddcc T svcGetResourceLimitCurrentValues
0010ddd4 T svcBreak
0010dddc W initSystem
0010de2c W __ctru_exit
0010de44 T __aeabi_read_tp
0010de50 0000000c T __sync_init
0010de5c 00000018 T __sync_fini
0010de74 0000002c T syncArbitrateAddress
0010dea0 000000b0 T LightLock_Lock
0010df50 00000040 T LightLock_Unlock
0010df90 00000024 T RecursiveLock_Init
0010dfb4 00000030 T RecursiveLock_Lock
0010dfe4 00000054 T RecursiveLock_Unlock
0010e038 00000040 T LightEvent_Init
0010e078 000000a4 T LightEvent_Clear
0010e11c 000000c8 T LightEvent_Signal
0010e1e4 00000050 T LightEvent_TryWait
0010e234 000000b0 T LightEvent_Wait
0010e2e4 00000084 W envGetHandle
0010e368 00000050 W envDestroyHandles
0010e3b8 00000130 T srvInit
0010e4e8 00000058 T srvExit
0010e540 00000060 T srvEnableNotification
0010e5a0 000000a0 T srvGetServiceHandleDirect
0010e640 00000038 T srvGetServiceHandle
0010e678 00000034 T srvSubscribe
0010e6ac 00000060 T srvReceiveNotification
0010e70c 00000038 T srvPublishToSubscriber
0010e744 000001d0 T threadCreate
0010e914 0000002c T threadFree
0010e940 00000024 T threadJoin
0010e964 00000030 T threadGetCurrent
0010e994 00000040 T threadExit
0010e9d4 00000020 t _thread_begin
0010e9f4 000000b4 t mappableFindAddressWithin
0010eaa8 00000028 T mappableInit
0010ead0 00000080 T mappableAlloc
0010eb50 00000004 T mappableFree
0010eb54 00000164 T irrstInit
0010ecb8 000000cc T irrstExit
0010ed84 000000b4 T irrstScanInput
0010ee38 00000024 T irrstKeysHeld
0010ee5c 0000000c T srvPmGetSessionHandle
0010ee68 0000005c T rbtree_node_next
0010eec4 00000054 T encode_utf16
0010ef18 000000e0 T encode_utf8
0010eff8 0000013c T decode_utf8
0010f134 00000030 W __appInit
0010f164 00000030 T __syscall_getreent
0010f194 00000064 T __syscall_gettod_r
0010f1f8 00000004 T __syscall_lock_acquire
0010f1fc 00000004 T __syscall_lock_release
0010f200 00000004 T __syscall_lock_init_recursive
0010f204 00000004 T __syscall_lock_acquire_recursive
0010f208 00000004 T __syscall_lock_release_recursive
0010f20c 00000004 T __syscall_exit
0010f210 00000050 T initThreadVars
0010f260 00000080 T __system_initSyscalls
0010f2e0 00000030 W __appExit
0010f310 00000090 W __libctru_exit
0010f3a0 00000014 t archive_link
0010f3b4 00000014 t archive_dirreset
0010f3c8 00000014 t archive_chmod
0010f3dc 00000024 t error_cmp
0010f400 00000050 t archive_translate_error
0010f450 000000c8 t archive_seek
0010f518 0000007c t _archiveInit.part.0
0010f594 000000c4 t archiveFindDevice.part.0
0010f658 0000025c t archive_utf16path
0010f8b4 000000a0 t _archiveUnmountDeviceStruct.part.0
0010f954 00000014 t archive_fchmod
0010f968 00000014 t archive_statvfs
0010f97c 00000164 t _archiveMountDevice
0010fae0 000000e8 t archive_diropen
0010fbc8 000000a4 t archive_fstat
0010fc6c 0000006c t archive_close
0010fcd8 0000006c t archive_fsync
0010fd44 00000070 t archive_dirclose
0010fdb4 000000e8 t sdmc_statvfs
0010fe9c 000000ec t archive_chdir
0010ff88 0000007c t archive_ftruncate
00110004 000000ac t archive_read
001100b0 000000a4 t archive_unlink
00110154 000000bc t archive_rmdir
00110210 000000dc t archive_mkdir
001102ec 0000019c t archive_stat
00110488 0000015c t archive_dirnext
001105e4 000000ec t archive_write
001106d0 000001d4 t archive_open
001108a4 00000278 t archive_rename
00110b1c 0000019c T archiveMountSdmc
00110cb8 00000054 T archiveUnmountAll
00110d10 0000022c T cosf
00110f3c 00000024 t with_errnof
00110f60 0000001c T __math_invalidf
00110f80 0000024c T sinf
001111cc 00000120 T __udivmoddi4
001112ec 00000078 T bsearch
00111364 0000000c T __errno
00111370 00000034 T exit
001113a4 0000015c T _fclose_r
00111500 00000018 T fclose
00111518 00000234 T __sflush_r
0011174c 00000094 T _fflush_r
001117e0 00000038 T fflush
00111818 0000000c T _cleanup_r
00111824 00000184 T __sinit
001119a8 00000134 T __sfp
00111adc 0000000c T __sfp_lock_acquire
00111ae8 0000000c T __sfp_lock_release
00111af4 0000003c T __libc_fini_array
00111b30 00000134 T _fopen_r
00111c64 00000020 T fopen
00111c84 000002d0 T _fread_r
00111f54 00000038 T fread
00111f8c 000000f8 T _malloc_trim_r
00112084 000002e8 T _free_r
0011236c 0000001c T _fseek_r
00112388 00000590 T _fseeko_r
00112918 00000068 T _fwalk
00112980 00000070 T _fwalk_reent
001129f0 00000084 T __libc_init_array
00112a74 00000138 T __smakebuf_r
00112bac 0000008c T __swhatbuf_r
00112c38 00000020 T memalign
00112c58 0000014c T _memalign_r
00112da4 00000018 T malloc
00112dbc 00000018 T free
00112dd4 000007e4 T _malloc_r
001135b8 000000b0 T memcmp
00113668 00000118 T memcpy
00113780 000000f4 T memset
00113874 0000000c T __malloc_lock
00113880 0000000c T __malloc_unlock
0011388c 00000044 T rand
001138d0 0000001c t lflush
001138ec 00000198 T __srefill_r
00113a84 0000025c T setvbuf
00113ce0 00000044 T __sread
00113d24 00000068 T __swrite
00113d8c 00000044 T __sseek
00113dd0 00000008 T __sclose
00113dd8 00000130 T strchr
00113f08 0000005c T strlen
00113f64 000000e4 T strncat
00114048 000000e4 T strncmp
0011412c 000000c4 T strncpy
001141f0 00000048 T strnlen
00114238 000001c4 t _strtoul_l.constprop.0
001143fc 00000028 T strtoul
00114424 0000003c T time
00114460 00000114 T __call_exitprocs
00114574 000000c8 T __sflags
0011463c 00000008 t null_write
00114644 00000018 T setDefaultDevice
0011465c 000000c8 T FindDevice
00114724 00000028 T RemoveDevice
0011474c 0000009c T AddDevice
001147e8 00000020 T GetDeviceOpTab
00114808 00000078 T _fstat_r
00114880 00000030 T _gettimeofday_r
001148b0 00000008 T _isatty_r
001148b8 00000084 T _lseek_r
0011493c 000000c0 T _open_r
001149fc 00000080 T _read_r
00114a7c 00000078 T _sbrk_r
00114af4 00000080 T _write_r
00114b74 00000020 T _exit
00114b94 000001a4 T _concatenate_path
00114d38 00000140 T chdir
00114e78 00000008 T __flockfile
00114e80 00000008 T __funlockfile
00114e88 0000008c T __release_handle
00114f14 000000b0 T __alloc_handle
00114fc4 0000003c T __get_handle
00115000 000000f4 T _close_r
001150f4 0000002c T __getreent
00115120 0000001c T __libc_lock_acquire
0011513c 0000001c T __libc_lock_release
00115158 0000001c T __libc_lock_init_recursive
00115174 0000001c T __libc_lock_acquire_recursive
00115190 0000001c T __libc_lock_release_recursive
001151ac 0000001c T __libc_lock_close_recursive
001151c8 00000048 T strrchr
00115210 T _fini
0011601c R buy1_bgr
0014e41c R buy1_bgr_end
0014e41c R buy2_bgr
0018681c R buy2_bgr_end
0018681c R toptest_bgr
001ccd1c R toptest_bgr_end
001ccd4c 00000008 r s_defaultTint.0
001ccd58 R render2d_shbin
001ccee4 R render2d_shbin_end
001ccee4 R render2d_shbin_size
001ccee8 00000038 r CSWTCH.19
001ccf20 00000005 r colorFmtSizes
001ccf28 00000010 r CSWTCH.9
001ccf5c 00000070 r romFS_devoptab
001ccff0 00000008 r morton_y.2
001ccff8 00000008 r morton_x.3
001cd000 00000008 r s_sleepWakeEvents.4
001cd064 00000030 r error_table
001cd09c 00000070 r archive_devoptab
001cd10c 00000060 R __inv_pio4
001cd170 000000e0 R __sincosf_table
001cd250 00000004 R _global_impure_ptr
001cd254 00000101 R _ctype_
001cd358 00000070 R dotab_stdnull
001cd3c8 R __tdata_align
001cd3cc r 
001cd3cc R __exidx_end
001cd3cc R __exidx_start
001ce000 00000004 D buyscreen
001ce004 00000004 D clickerUown
001ce008 00000004 D clickUpPrice
001ce00c 00000004 D CPC
001ce010 00000004 D clickerUprice
001ce014 00000004 D clickerprice
001ce018 00000004 D clickm2price
001ce01c 00000004 d queueLock
001ce020 00000004 d kCount
001ce024 00000004 d kInterval
001ce028 00000004 d kDelay
001ce02c W __stacksize__
001ce030 00000004 D _impure_ptr
001ce038 00000460 d impure_data
001ce498 00000004 D __malloc_sbrk_base
001ce49c 00000004 D __malloc_trim_threshold
001ce4a0 00000408 D __malloc_av_
001ce8a8 0000008c D devoptab_list
001ce934 00000004 d defaultDevice
001ce938 00000400 d _current_working_directory
001ced38 00001000 d handles
001cfd38 0000000c d __stderr_handle
001cfd44 0000000c d __stdout_handle
001cfd50 0000000c d __stdin_handle
001cfd64 d _GLOBAL_OFFSET_TABLE_
001cfd70 d __frame_dummy_init_array_entry
001cfd70 D __init_array_start
001cfd70 B __preinit_array_end
001cfd70 B __preinit_array_start
001cfd70 D __tdata_lma
001cfd70 D __tdata_lma_end
001cfd74 d __do_global_dtors_aux_fini_array_entry
001cfd74 D __fini_array_start
001cfd74 D __init_array_end
001cfd78 D __bss_start__
001cfd78 D __fini_array_end
001cfd78 00000004 b spriteSheet
001cfd80 00000fa0 b sprites
001d0d20 00000001 B buy1
001d0d21 00000001 B buy2
001d0d24 00000004 B buytime
001d0d28 00000004 B clicks
001d0d2c 00000004 B clickerown
001d0d30 00000004 B CPS
001d0d34 00000004 B cpsTimer
001d0d38 b completed.1
001d0d3c b object.0
001d0d58 000005a8 B __C2Di_Context
001d1300 00000040 b s_projBot
001d1340 00000040 b s_projTop
001d1380 00000004 b uLoc_mdlvMtx
001d1384 00000004 b uLoc_projMtx
001d1388 000002d0 B __C3D_Context
001d1658 0000000c b hookCookie
001d1664 00000004 b firstTarget
001d1668 00000004 b frameEndCb
001d166c 00000004 b frameEndCbData
001d1670 00000001 b inFrame
001d1671 00000001 b inSafeTransfer
001d1674 00000004 b lastTarget
001d1678 0000000c b linkedTarget
001d1684 00000004 B C3D_BoolUnifs
001d1688 00000002 B C3D_BoolUnifsDirty
001d168c 00000c00 B C3D_FVUnif
001d228c 000000c0 B C3D_FVUnifDirty
001d234c 00000020 B C3D_IVUnif
001d236c 00000008 B C3D_IVUnifDirty
001d2374 000000c0 b C3Di_FVUnifEverDirty
001d2434 00000008 b C3Di_IVUnifEverDirty
001d243c 00000018 b C3Di_ShaderFVecData
001d2458 00000008 b sVramPoolB
001d2460 00000008 b sVramPoolA
001d2468 0000000c b sAddrMap
001d2478 00000008 b sLinearPool
001d2480 0000000c b sAddrMap
001d248c 00000004 b romfs_mount_list
001d2490 00000004 V __romfs_path
001d2494 00000001 V __ctru_speedup
001d2498 00000004 b screenAlloc
001d249c 00000004 b screenFree
001d24a0 00000002 b gfxIsDoubleBuf
001d24a4 00000002 b gfxCurBuf
001d24a6 00000001 b gfxIsVram
001d24a7 00000001 b gfxTopMode
001d24a8 00000002 b gfxFramebufferFormats
001d24ac 00000004 b gfxBottomFramebufferMaxSize
001d24b0 00000004 b gfxTopFramebufferMaxSize
001d24b8 00000008 b gfxBottomFramebuffers
001d24c0 00000008 b gfxTopFramebuffers
001d24c8 00000004 b boundQueue
001d24cc 00000001 b shouldStop
001d24cd 00000001 b isRunning
001d24ce 00000001 b isActive
001d24d0 00000004 b curQueue
001d24d4 00000004 B gpuCmdBufOffset
001d24d8 00000004 B gpuCmdBufSize
001d24dc 00000004 B gpuCmdBuf
001d24e0 00000007 b gspEventCbOneShot
001d24e8 0000001c b gspEventCbData
001d2504 0000001c b gspEventCb
001d2520 00000038 b gspEvents
001d2558 00000004 b gspLastEvent
001d255c 00000001 b gspRunEvents
001d2560 00000004 b gspEventThread
001d2564 00000004 b gspEvent
001d2568 00000001 b gspGpuRight
001d2569 00000001 b gspThreadId
001d256c 00000004 b gspSharedMem
001d2570 00000004 b gspSharedMemHandle
001d2574 00000004 b gspRefCount
001d2578 00000004 b gspGpuHandle
001d257c 00000001 b flagValue.0
001d257d 00000001 b flagInit.1
001d2580 00000004 b serviceName.6
001d2584 00000001 b aptChainloadMediatype
001d2588 00000008 b aptChainloadTid
001d2590 00000001 b aptChainloadFlags
001d2594 00001000 b aptParameters
001d3594 00000004 b aptFlags
001d3598 00000001 b aptHomeButtonState
001d359c 00000004 b aptMessageFuncData
001d35a0 00000004 b aptMessageFunc
001d35a4 0000000c b aptFirstHook
001d35b0 00000001 b aptEventHandlerThreadQuit
001d35b4 00000004 b aptEventHandlerThread
001d35b8 00000008 b aptSleepEvent
001d35c0 00000008 b aptReceiveEvent
001d35c8 00000008 b aptEvents
001d35d0 00000004 b aptLockHandle
001d35d4 00000004 b aptRefCount
001d35d8 00000001 b usingIrrst
001d35dc 00000004 b hidRefCount
001d35e0 00000006 b gRate
001d35e8 00000006 b aVec
001d35f0 00000004 b cPos
001d35f4 00000004 b tPos
001d35f8 00000004 b kRepeat
001d35fc 00000004 b kUp
001d3600 00000004 b kDown
001d3604 00000004 b kHeld
001d3608 00000004 b kOld
001d360c 00000004 B hidSharedMem
001d3610 00000014 B hidEvents
001d3624 00000004 B hidMemHandle
001d3628 00000004 B hidHandle
001d362c 00000004 b ptmSysmRefCount
001d3630 00000004 b ptmSysmHandle
001d3638 00000080 b fsExemptArchives
001d36b8 00000004 b fsuRefCount
001d36bc 00000004 b fsuHandle
001d36c0 00000004 V __ctru_linear_heap_size
001d36c4 00000004 V __ctru_heap_size
001d36c8 00000004 B __ctru_linear_heap
001d36cc 00000004 B __ctru_heap
001d36d0 00000004 B __system_retAddr
001d36d4 00000004 B __system_argv
001d36d8 00000004 B __system_argc
001d36dc b saved_stack
001d36e4 00000004 b arbiter
001d36e8 00000004 B __3dslink_host
001d36ec 00000004 b srvRefCount
001d36f0 00000004 b srvHandle
001d36f4 00000004 b currentAddr
001d36f8 00000004 b maxAddr
001d36fc 00000004 b minAddr
001d3700 00000004 b irrstRefCount
001d3704 00000004 b csPos
001d3708 00000004 b kHeld
001d370c 00000004 B irrstSharedMem
001d3710 00000004 B irrstEvent
001d3714 00000004 B irrstMemHandle
001d3718 00000004 B irrstHandle
001d371c 00000004 b srvPmHandle
001d3720 00000540 b archive_devices
001d3c60 00000004 b archive_device_cwd
001d3c64 00000001 b archive_initialized
001d3c68 0000000c b __sinit_recursive_mutex
001d3c74 0000000c b __sfp_recursive_mutex
001d3c80 00000028 B __malloc_current_mallinfo
001d3ca8 00000004 B __malloc_max_total_mem
001d3cac 00000004 B __malloc_max_sbrked_mem
001d3cb0 00000004 B __malloc_top_pad
001d3cb4 0000000c b __malloc_recursive_mutex
001d3cc0 0000000c B __atexit_recursive_mutex
001d3ccc 00000004 b heap_start.0
001d3cd0 00000004 B fake_heap_start
001d3cd4 00000004 B fake_heap_end
001d3cd8 00000400 b temp_cwd
001d40d8 00000004 b __hndl_lock
001d40dc B __tls_start
001d4ce4 B __bss_end__
001d4ce4 A __end__
001d4ce4 B __tls_end
