         w __deregister_frame_info
         w __register_frame_info
         w __syscall_lock_close_recursive
         w userAppExit
         w userAppInit
00000000 00000802 B __ctru_dev_utf16_buf
00000000 a shift
00000000 a shift
00000000 b _TLS_MODULE_BASE_
00000804 00000401 B __ctru_dev_path_buf
00100000 A __start__
00100000 T _start
00100008 T __service_ptr
0010000c T __apt_appid
00100010 T __heap_size
00100014 T __linear_heap_size
00100018 T __system_arglist
0010001c T __system_runflags
00100020 t startup
00100058 t ClearMem
0010006c t ClrLoop
00100094 T _init
001000ac T __aeabi_uidiv
001000ac 000001ec T __udivsi3
001000ac t .udivsi3_skip_div0_test
00100298 00000020 T __aeabi_uidivmod
001002b8 T __aeabi_idiv
001002b8 00000220 T __divsi3
001002c0 t .divsi3_skip_div0_test
001004d8 00000020 T __aeabi_idivmod
001004f8 00000004 W __aeabi_idiv0
001004f8 00000004 W __aeabi_ldiv0
001004fc 0000019c T __aeabi_frsub
00100504 00000194 T __aeabi_fsub
00100504 00000194 T __subsf3
00100508 00000190 T __addsf3
00100508 00000190 T __aeabi_fadd
00100698 00000028 T __aeabi_ui2f
00100698 00000028 T __floatunsisf
001006a0 00000020 T __aeabi_i2f
001006a0 00000020 T __floatsisf
001006c0 0000008c T __aeabi_ul2f
001006c0 0000008c T __floatundisf
001006d0 0000007c T __aeabi_l2f
001006d0 0000007c T __floatdisf
0010074c T __aeabi_ldivmod
00100820 T __aeabi_uldivmod
00100868 00000390 T strcmp
00100bf0 t __do_global_dtors_aux
00100c30 t frame_dummy
00100c5c 00000088 t drawDynamicText(C2D_TextBuf_s*, float, float, float, unsigned long, C2D_Font_s*, unsigned long, char const*, ...) [clone .constprop.0]
00100ce4 00000ddc T main
00101ac0 00000044 t C2Di_FrameEndHook
00101b08 0000036c T C2D_Init
00101e74 0000004c T C2D_Fini
00101ec0 000000b8 T C2D_Prepare
00101f78 00000048 T C2D_Flush
00101fc0 00000104 T C2D_SceneSize
001020c4 00000058 T C2D_CreateScreenTarget
0010211c 00000064 T C2D_TargetClear
00102180 00000058 T C2Di_AppendQuad
001021d8 00000040 T C2Di_AppendVtx
00102218 00000550 T C2Di_Update
00102768 00000158 T C2D_DrawRectangle
001028c0 00000018 t C2Di_GlyphComp
001028d8 00000140 t C2Di_CalcLineWidths
00102a18 000001dc T C2D_TextBufNew
00102bf4 0000000c T C2D_TextBufClear
00102c00 000001c8 T C2D_TextFontParseLine
00102dc8 000000a8 T C2D_TextFontParse
00102e70 00000030 T C2D_TextOptimize
00102ea0 00000f6c T C2D_DrawText
00103e0c 0000006c T C2D_SpriteSheetLoadFromHandle
00103e78 00000048 T C2D_SpriteSheetLoad
00103ec0 00000028 T C2D_SpriteSheetFree
00103ee8 00000008 T C2D_SpriteSheetCount
00103ef0 0000002c T C2D_SpriteSheetGetImage
00103f1c 00000028 T C2D_FontFree
00103f44 000000e8 t C2Di_PostLoadFont
0010402c 000000b4 T C2D_FontLoadFromHandle
001040e0 00000034 T C2D_FontLoad
00104114 00000044 T C2D_FontGlyphIndexFromCodePoint
00104158 00000078 T C2D_FontCalcGlyphPos
001041d0 00000004 W C3Di_LightEnvUpdate
001041d4 00000004 W C3Di_LightEnvDirty
001041d8 000000b4 t C3Di_AptEventHook
0010428c 00000004 W C3Di_GasUpdate
00104290 000001e0 T C3D_Init
00104470 00000098 T C3D_SetViewport
00104508 000004e8 T C3Di_UpdateContext
001049f0 000000e0 T C3Di_SplitFrame
00104ad0 00000044 T C3D_Fini
00104b14 00000114 T C3D_BindProgram
00104c28 0000004c t onVBlank0
00104c74 0000004c t onVBlank1
00104cc0 00000080 t C3Di_RenderTargetDestroy
00104d40 000000f4 t onQueueFinish
00104e34 00000038 T C3Di_RenderQueueEnableVBlank
00104e6c 00000030 T C3Di_RenderQueueDisableVBlank
00104e9c 00000060 T C3Di_RenderQueueInit
00104efc 000000b0 T C3Di_RenderQueueExit
00104fac 00000034 T C3Di_RenderQueueWaitDone
00104fe0 000000e4 T C3D_FrameBegin
001050c4 00000048 T C3D_FrameDrawOn
0010510c 00000058 T C3D_FrameSplit
00105164 000001d8 T C3D_FrameEnd
0010533c 0000001c T C3D_FrameEndHook
00105358 00000184 T C3D_RenderTargetCreate
001054dc 000000a8 T C3D_RenderTargetSetOutput
00105584 000000fc T C3D_SyncTextureCopy
00105680 00000294 T C3D_TexInitWithParams
00105914 000000c8 T C3D_TexLoadImage
001059dc 00000044 T C3D_TexBind
00105a20 00000074 T C3D_TexDelete
00105a94 0000016c T C3Di_SetTex
00105c00 000003f4 t Tex3DSi_ImportCommon
00105ff4 00000038 T Tex3DS_TextureImportStdio
0010602c 00000008 T Tex3DS_GetNumSubTextures
00106034 0000001c T Tex3DS_GetSubTexture
00106050 00000004 T Tex3DS_TextureFree
00106054 0000001c T C3D_CalcColorBufSize
00106070 0000001c T C3D_CalcDepthBufSize
0010608c 00000044 T C3D_SetFrameBuf
001060d0 0000016c T C3Di_FrameBufBind
0010623c 000000c8 T C3D_FrameBufClear
00106304 00000044 T C3D_FrameBufTransfer
00106348 00000034 T C3D_GetTexEnv
0010637c 00000024 T C3Di_TexEnvBind
001063a0 00000218 T C3D_DrawElements
001065b8 00000070 T C3D_ProcTexInit
00106628 00000054 T C3D_ProcTexBind
0010667c 0000005c T C3D_ProcTexLutBind
001066d8 000000a4 T ProcTexLut_FromArray
0010677c 0000017c T C3Di_ProcTexUpdate
001068f8 00000068 T C3Di_ProcTexDirty
00106960 00000024 T BufInfo_Init
00106984 00000080 T BufInfo_Add
00106a04 00000040 T C3D_SetBufInfo
00106a44 00000048 T C3Di_BufInfoBind
00106a8c 00000040 T C3D_DepthMap
00106acc 0000001c T C3D_CullFace
00106ae8 00000040 T C3D_StencilTest
00106b28 00000024 T C3D_StencilOp
00106b4c 0000001c T C3D_BlendingColor
00106b68 00000024 T C3D_EarlyDepthTest
00106b8c 0000002c T C3D_DepthTest
00106bb8 0000002c T C3D_AlphaTest
00106be4 00000050 T C3D_AlphaBlend
00106c34 00000030 T C3D_FragOpMode
00106c64 00000044 T C3D_FragOpShadow
00106ca8 000001ac T C3Di_EffectBind
00106e54 00000028 T AttrInfo_Init
00106e7c 00000094 T AttrInfo_AddLoader
00106f10 00000054 T C3D_SetAttrInfo
00106f64 00000080 T C3Di_AttrInfoBind
00106fe4 000000a8 T C3D_ImmSendAttrib
0010708c 00000280 T C3D_UpdateUniforms
0010730c 000000c0 T C3Di_DirtyUniforms
001073cc 000000d8 T C3Di_LoadShaderUniforms
001074a4 00000028 T C3Di_ClearShaderUniforms
001074cc 000000cc T Mtx_Ortho
00107598 000000cc T Mtx_OrthoTilt
00107664 00000024 t addrMapNodeComparator(rbtree_node const*, rbtree_node const*)
00107688 00000004 t addrMapNodeDestructor(rbtree_node*)
0010768c 00000250 T vramMemAlignAt
001078dc 0000000c T vramAlloc
001078e8 0000000c T vramAllocAt
001078f4 00000090 T vramFree
00107984 00000024 t addrMapNodeComparator(rbtree_node const*, rbtree_node const*)
001079a8 00000004 t addrMapNodeDestructor(rbtree_node*)
001079ac 00000120 T linearMemAlign
00107acc 00000008 T linearAlloc
00107ad4 0000005c T linearFree
00107b30 00000080 T MemPool::CoalesceRight(MemBlock*)
00107bb0 0000016c T MemPool::Allocate(MemChunk&, unsigned long, int)
00107d1c 000000fc T MemPool::Deallocate(MemChunk const&)
00107e18 00000030 T MemPool::GetFreeSpace()
00107e48 00000008 t romfs_close
00107e50 000000c0 t romfs_seek
00107f10 00000024 t romfs_dirreset
00107f34 000000c8 t fill_dir
00107ffc 0000028c t romfs_dirnext
00108288 00000084 t romfs_free
0010830c 000000d4 t searchForFile.constprop.0
001083e0 000000d8 t searchForDir.constprop.0
001084b8 000001c0 t navigateToDir.constprop.0
00108678 0000010c t romfs_open
00108784 0000004c t romfs_chdir
001087d0 00000070 t romfs_diropen
00108840 00000174 t romfs_stat
001089b4 00000008 t romfs_dirclose
001089c0 00000084 t romfs_fstat
00108a44 000000d0 t romfs_read
00108b14 0000028c T romfsMountFromFile
00108da0 00000098 T romfsMountFromCurrentProcess
00108e38 00000260 T romfsMountSelf
00109098 000000a0 T romfsUnmount
00109138 00000074 T osConvertVirtToPhys
001091ac 00000054 T osGetTimeRef
00109200 000000ec T osGetTime
001092ec 00000034 T __ctru_speedup_config
00109320 00000094 T fontEnsureMapped
001093b4 0000007c T fontFixPointers
00109430 00000100 T fontGlyphIndexFromCodePoint
00109530 000001ec T fontCalcGlyphPos
0010971c 000000d0 t gfxPresentFramebuffer
001097ec 0000001c T gfxIsWide
00109808 000000ec T gfxSetScreenFormat
001098f4 00000010 T gfxSetDoubleBuffering
00109904 000000e0 T gfxInit
001099e4 00000010 T gfxInitDefault
001099f4 000000b4 T gfxExit
00109aa8 000000a0 T gfxGetFramebuffer
00109b48 00000104 T gfxFlushBuffers
00109c4c 00000030 T gfxScreenSwapBuffers
00109c7c 00000050 T gfxSwapBuffers
00109ccc 000001d4 T shaderInstanceInit
00109ea0 00000018 T shaderInstanceGetUniformLocation
00109eb8 0000001c T shaderProgramInit
00109ed4 00000064 T shaderProgramFree
00109f38 00000080 T shaderProgramSetVsh
00109fb8 000008e0 T shaderProgramConfigure
0010a898 000001cc t DVLE_GenerateOutmap.part.0
0010aa64 000001b4 T DVLB_ParseFile
0010ac18 00000038 T DVLB_Free
0010ac50 00000074 T DVLE_GetUniformRegister
0010acc4 00000010 T GX_BindQueue
0010acd4 00000078 T GX_ProcessCommandList
0010ad4c 00000074 T GX_MemoryFill
0010adc0 00000070 T GX_DisplayTransfer
0010ae30 00000074 T GX_TextureCopy
0010aea4 00000068 t gxCmdQueueDoCommands.part.0
0010af0c 000000c8 T gxCmdQueueInterrupt
0010afd4 0000004c T gxCmdQueueClear
0010b020 000000f8 T gxCmdQueueAdd
0010b118 00000080 T gxCmdQueueRun
0010b198 00000060 T gxCmdQueueStop
0010b1f8 00000074 T gxCmdQueueWait
0010b26c 0000013c T GPUCMD_Add
0010b3a8 000000b0 T GPUCMD_Split
0010b458 00000034 T f32tof16
0010b48c 00000034 T f32tof24
0010b4c0 00000038 T f32tof31
0010b4f8 000000a4 T cfguInit
0010b59c 0000003c T cfguExit
0010b5d8 00000c58 t gspHardwareInit
0010c230 00000248 T gspInit
0010c478 000000f0 T gspExit
0010c568 00000010 T gspHasGpuRight
0010c578 000000a0 T gspPresentBuffer
0010c618 00000030 T gspSetEventCallback
0010c648 00000044 T gspWaitForEvent
0010c68c 0000004c T gspWaitForAnyEvent
0010c6d8 00000158 t gspEventThreadMain
0010c830 00000130 T gspSubmitGxCommand
0010c960 00000050 T GSPGPU_FlushDataCache
0010c9b0 00000034 T GSPGPU_SetLcdForceBlack
0010c9e4 00000068 T GSPGPU_AcquireRight
0010ca4c 00000048 T GSPGPU_ReleaseRight
0010ca94 0000007c T GSPGPU_ImportDisplayCaptureInfo
0010cb10 0000002c T GSPGPU_SaveVramSysArea
0010cb3c 0000002c T GSPGPU_RestoreVramSysArea
0010cb68 000001a4 t aptConvertScreenForCapture
0010cd0c 00000008 W aptDspSleep
0010cd14 00000004 W aptDspWakeup
0010cd18 00000004 W aptDspCancel
0010cd1c 00000158 T aptSendCommand
0010ce78 00000044 t aptExitProcess
0010cebc 000003b0 T aptExit
0010d26c 000000e0 T aptHandleSleep
0010d34c 00000030 T aptHook
0010d37c 00000030 T aptUnhook
0010d3ac 00000084 T APT_SleepIfShellClosed
0010d430 00000084 T aptSetSleepAllowed
0010d4b4 00000084 T APT_UnlockTransition
0010d538 000004a4 t aptEventHandler
0010d9dc 000000b0 T APT_ReceiveParameter
0010da8c 000000b0 t aptReceiveParameter.constprop.0
0010db40 000002ac t aptScreenTransfer
0010ddec 00000344 t aptWaitForWakeUp.isra.0
0010e130 00000100 T aptJumpToHomeMenu
0010e230 00000048 T aptMainLoop
0010e278 0000022c T aptInit
0010e4a4 0000007c T APT_CheckNew3DS
0010e520 00000048 T APT_GetSharedFont
0010e568 00000024 W hidShouldUseIrrst
0010e58c 0000018c T hidInit
0010e718 000000e8 T hidExit
0010e800 000002a4 T hidScanInput
0010eaa4 00000010 T hidKeysHeld
0010eab4 00000010 T hidKeysDown
0010eac4 00000010 T hidKeysUp
0010ead4 00000018 T hidTouchRead
0010eaec 00000074 T ptmSysmInit
0010eb60 0000003c T ptmSysmExit
0010eb9c 00000034 T PTMSYSM_ConfigureNew3DSCPU
0010ebd0 000000cc T fsInit
0010ec9c 0000003c T fsExit
0010ecd8 00000060 T fsExemptFromSession
0010ed38 00000050 T fsUnexemptFromSession
0010ed88 000000cc T FSUSER_OpenFile
0010ee54 000000d4 T FSUSER_OpenFileDirectly
0010ef28 000000bc T FSUSER_DeleteFile
0010efe4 000000f8 T FSUSER_RenameFile
0010f0dc 000000bc T FSUSER_DeleteDirectory
0010f198 000000d4 T FSUSER_CreateFile
0010f26c 000000c4 T FSUSER_CreateDirectory
0010f330 000000f8 T FSUSER_RenameDirectory
0010f428 000000b4 T FSUSER_OpenDirectory
0010f4dc 00000098 T FSUSER_OpenArchive
0010f574 0000008c T FSUSER_CloseArchive
0010f600 00000074 T FSUSER_GetSdmcArchiveResource
0010f674 00000064 T FSUSER_IsSdmcWritable
0010f6d8 00000058 T FSFILE_Read
0010f730 00000060 T FSFILE_Write
0010f790 0000003c T FSFILE_GetSize
0010f7cc 00000028 T FSFILE_SetSize
0010f7f4 0000003c T FSFILE_Close
0010f830 00000024 T FSFILE_Flush
0010f854 00000050 T FSDIR_Read
0010f8a4 0000003c T FSDIR_Close
0010f8e0 000000c4 t buffer_read
0010f9a4 000000d0 t iov_read
0010fa74 00000138 t iov_memmove
0010fbac 000001dc t decompress_rle
0010fd88 00000244 t decompress_lzss
0010ffcc 00000424 t decompress_lz11
001103f0 000002d8 t decompress_huff
001106c8 00000010 T decompressCallback_Stdio
001106d8 000000dc T decompressHeader
001107b4 00000240 T decompressV
001109f4 00000010 T rbtree_init
00110a04 000001b4 t do_insert
00110bb8 00000008 T rbtree_insert
00110bc0 00000090 T rbtree_rotate
00110c50 00000318 T rbtree_remove
00110f68 00000074 T rbtree_find
00110fdc 000000e8 T utf16_to_utf8
001110c4 00000064 T decode_utf16
00111128 0000013c T decode_utf8
00111264 000000c0 T utf8_to_utf16
00111328 000001e0 W __system_allocateHeaps
00111508 00000038 W __libctru_init
00111540 00000170 W __system_initArgv
001116b0 T svcControlMemory
001116d0 T svcQueryMemory
00111700 T svcExitProcess
00111708 T svcCreateThread
00111728 T svcExitThread
00111730 T svcSleepThread
00111738 T svcReleaseMutex
00111740 T svcCreateEvent
00111754 T svcSignalEvent
0011175c T svcClearEvent
00111764 T svcMapMemoryBlock
0011176c T svcUnmapMemoryBlock
00111774 T svcCreateAddressArbiter
00111788 T svcArbitrateAddressNoTimeout
00111790 T svcCloseHandle
00111798 T svcWaitSynchronization
001117a0 T svcWaitSynchronizationN
001117c8 T svcDuplicateHandle
001117dc T svcGetSystemTick
001117e4 T svcConnectToPort
001117f8 T svcSendSyncRequest
00111800 T svcGetResourceLimit
00111814 T svcGetResourceLimitLimitValues
0011181c T svcGetResourceLimitCurrentValues
00111824 T svcBreak
0011182c W initSystem
0011187c W __ctru_exit
00111894 T __aeabi_read_tp
001118a0 0000000c T __sync_init
001118ac 00000018 T __sync_fini
001118c4 0000002c T syncArbitrateAddress
001118f0 000000b0 T LightLock_Lock
001119a0 00000040 T LightLock_Unlock
001119e0 00000024 T RecursiveLock_Init
00111a04 00000030 T RecursiveLock_Lock
00111a34 00000054 T RecursiveLock_Unlock
00111a88 00000040 T LightEvent_Init
00111ac8 000000a4 T LightEvent_Clear
00111b6c 000000c8 T LightEvent_Signal
00111c34 00000050 T LightEvent_TryWait
00111c84 000000b0 T LightEvent_Wait
00111d34 00000084 W envGetHandle
00111db8 00000050 W envDestroyHandles
00111e08 00000130 T srvInit
00111f38 00000058 T srvExit
00111f90 00000060 T srvEnableNotification
00111ff0 000000a0 T srvGetServiceHandleDirect
00112090 00000038 T srvGetServiceHandle
001120c8 00000034 T srvSubscribe
001120fc 00000060 T srvReceiveNotification
0011215c 00000038 T srvPublishToSubscriber
00112194 000001d0 T threadCreate
00112364 0000002c T threadFree
00112390 00000024 T threadJoin
001123b4 00000030 T threadGetCurrent
001123e4 00000040 T threadExit
00112424 00000020 t _thread_begin
00112444 000000b4 t mappableFindAddressWithin
001124f8 00000028 T mappableInit
00112520 00000080 T mappableAlloc
001125a0 00000004 T mappableFree
001125a4 00000164 T irrstInit
00112708 000000cc T irrstExit
001127d4 000000b4 T irrstScanInput
00112888 00000024 T irrstKeysHeld
001128ac 0000000c T srvPmGetSessionHandle
001128b8 0000005c T rbtree_node_next
00112914 00000054 T encode_utf16
00112968 000000e0 T encode_utf8
00112a48 00000030 W __appInit
00112a78 00000030 T __syscall_getreent
00112aa8 00000064 T __syscall_gettod_r
00112b0c 00000004 T __syscall_lock_acquire
00112b10 00000004 T __syscall_lock_release
00112b14 00000004 T __syscall_lock_init_recursive
00112b18 00000004 T __syscall_lock_acquire_recursive
00112b1c 00000004 T __syscall_lock_release_recursive
00112b20 00000004 T __syscall_exit
00112b24 00000050 T initThreadVars
00112b74 00000080 T __system_initSyscalls
00112bf4 00000030 W __appExit
00112c24 00000090 W __libctru_exit
00112cb4 00000014 t archive_link
00112cc8 00000014 t archive_dirreset
00112cdc 00000014 t archive_chmod
00112cf0 00000024 t error_cmp
00112d14 00000050 t archive_translate_error
00112d64 000000c8 t archive_seek
00112e2c 0000007c t _archiveInit.part.0
00112ea8 000000c4 t archiveFindDevice.part.0
00112f6c 0000025c t archive_utf16path
001131c8 000000a0 t _archiveUnmountDeviceStruct.part.0
00113268 00000014 t archive_fchmod
0011327c 00000014 t archive_statvfs
00113290 00000164 t _archiveMountDevice
001133f4 000000e8 t archive_diropen
001134dc 000000a4 t archive_fstat
00113580 0000006c t archive_close
001135ec 0000006c t archive_fsync
00113658 00000070 t archive_dirclose
001136c8 000000e8 t sdmc_statvfs
001137b0 000000ec t archive_chdir
0011389c 0000007c t archive_ftruncate
00113918 000000ac t archive_read
001139c4 000000a4 t archive_unlink
00113a68 000000bc t archive_rmdir
00113b24 000000dc t archive_mkdir
00113c00 0000019c t archive_stat
00113d9c 0000015c t archive_dirnext
00113ef8 000000ec t archive_write
00113fe4 000001d4 t archive_open
001141b8 00000278 t archive_rename
00114430 0000019c T archiveMountSdmc
001145cc 00000054 T archiveUnmountAll
00114620 000000b8 T ceilf
001146d8 00000040 T __aeabi_f2ulz
001146d8 00000040 T __fixunssfdi
00114718 00000120 T __udivmoddi4
00114838 00000078 T bsearch
001148b0 00000020 T calloc
001148d0 000000c0 T _calloc_r
00114990 0000000c T __errno
0011499c 00000034 T exit
001149d0 0000015c T _fclose_r
00114b2c 00000018 T fclose
00114b44 00000234 T __sflush_r
00114d78 00000094 T _fflush_r
00114e0c 00000038 T fflush
00114e44 0000000c T _cleanup_r
00114e50 00000184 T __sinit
00114fd4 00000134 T __sfp
00115108 0000000c T __sfp_lock_acquire
00115114 0000000c T __sfp_lock_release
00115120 0000003c T __libc_fini_array
0011515c 00000134 T _fopen_r
00115290 00000020 T fopen
001152b0 000002d0 T _fread_r
00115580 00000038 T fread
001155b8 000000f8 T _malloc_trim_r
001156b0 000002e8 T _free_r
00115998 0000001c T _fseek_r
001159b4 00000590 T _fseeko_r
00115f44 00000068 T _fwalk
00115fac 00000070 T _fwalk_reent
0011601c 00000084 T __libc_init_array
001160a0 00000138 T __smakebuf_r
001161d8 0000008c T __swhatbuf_r
00116264 00000020 T memalign
00116284 0000014c T _memalign_r
001163d0 00000018 T malloc
001163e8 00000018 T free
00116400 000007e4 T _malloc_r
00116be4 000000b0 T memcmp
00116c94 00000118 T memcpy
00116dac 000000f4 T memset
00116ea0 0000000c T __malloc_lock
00116eac 0000000c T __malloc_unlock
00116eb8 00000a04 T qsort
001178bc 00000044 T rand
00117900 000004a0 T _realloc_r
00117da0 0000001c t lflush
00117dbc 00000198 T __srefill_r
00117f54 0000025c T setvbuf
001181b0 00000044 T __sread
001181f4 00000068 T __swrite
0011825c 00000044 T __sseek
001182a0 00000008 T __sclose
001182a8 00000130 T strchr
001183d8 0000005c T strlen
00118434 000000e4 T strncat
00118518 000000e4 T strncmp
001185fc 000000c4 T strncpy
001186c0 00000048 T strnlen
00118708 000001c4 t _strtoul_l.constprop.0
001188cc 00000028 T strtoul
001188f4 0000003c T time
00118930 000000a4 T _vsnprintf_r
001189d4 00000038 T vsnprintf
00118a0c 00000114 T __call_exitprocs
00118b20 000000c8 T __sflags
00118be8 00000150 T memmove
00118d38 0000066c t get_arg
001193a8 00003334 T _svfprintf_r
0011c6dc 00000054 T _wcrtomb_r
0011c730 00000028 T _wcsrtombs_r
0011c758 000001b0 t quorem
0011c908 000011f8 T _dtoa_r
0011db00 0000000c T _localeconv_r
0011db0c 00000010 T __locale_mb_cur_max
0011db1c 000002f8 T __utf8_mbtowc
0011de14 000000e4 T memchr
0011def8 00000088 T _Balloc
0011df80 0000001c T _Bfree
0011df9c 000000f4 T __multadd
0011e090 00000060 T __hi0bits
0011e0f0 0000009c T __lo0bits
0011e18c 000000a8 T __i2b
0011e234 00000204 T __multiply
0011e438 00000124 T __pow5mult
0011e55c 00000140 T __lshift
0011e69c 00000058 T __mcmp
0011e6f4 000001ec T __mdiff
0011e8e0 00000120 T __d2b
0011ea00 00000088 T frexp
0011ea88 00000188 T __ssprint_r
0011ec10 00000188 T _wcsnrtombs_l
0011ed98 0000004c T _wcsnrtombs_r
0011ede4 000000f0 T __utf8_wctomb
0011eed4 0000005c T __assert_func
0011ef30 0000003c T fiprintf
0011ef6c 0000066c t get_arg
0011f5d8 00000030 T __sprint_r
0011f608 000022ec T _vfiprintf_r
001218f4 000000d0 t __sbprintf
001219c4 0000013c T __swsetup_r
00121b00 00000014 T abort
00121b14 000004b4 T __sfvwrite_r
00121fc8 00000090 T _raise_r
00122058 00000018 T raise
00122070 00000008 t null_write
00122078 00000018 T setDefaultDevice
00122090 000000c8 T FindDevice
00122158 00000028 T RemoveDevice
00122180 0000009c T AddDevice
0012221c 00000020 T GetDeviceOpTab
0012223c 00000078 T _fstat_r
001222b4 00000014 T _getpid_r
001222c8 00000030 T _gettimeofday_r
001222f8 00000008 T _isatty_r
00122300 00000014 T _kill_r
00122314 00000084 T _lseek_r
00122398 000000c0 T _open_r
00122458 00000080 T _read_r
001224d8 00000078 T _sbrk_r
00122550 00000080 T _write_r
001225d0 00000020 T _exit
001225f0 000001a4 T _concatenate_path
00122794 00000140 T chdir
001228d4 00000008 T __flockfile
001228dc 00000008 T __funlockfile
001228e4 0000008c T __release_handle
00122970 000000b0 T __alloc_handle
00122a20 0000003c T __get_handle
00122a5c 000000f4 T _close_r
00122b50 0000002c T __getreent
00122b7c 0000001c T __libc_lock_acquire
00122b98 0000001c T __libc_lock_release
00122bb4 0000001c T __libc_lock_init_recursive
00122bd0 0000001c T __libc_lock_acquire_recursive
00122bec 0000001c T __libc_lock_release_recursive
00122c08 0000001c T __libc_lock_close_recursive
00122c24 00000048 T strrchr
00122c6c T _fini
0012328c R render2d_shbin
00123418 R render2d_shbin_end
00123418 R render2d_shbin_size
0012341c 00000038 r CSWTCH.19
00123454 00000005 r colorFmtSizes
0012345c 00000004 r depthFmtSizes
00123460 00000010 r CSWTCH.9
00123494 00000070 r romFS_devoptab
00123540 00000008 r morton_y.2
00123548 00000008 r morton_x.3
00123550 00000008 r s_sleepWakeEvents.4
001235b4 00000030 r error_table
001235ec 00000070 r archive_devoptab
0012365c 00000004 R _global_impure_ptr
00123660 00000101 R _ctype_
0012379c 00000010 r zeroes.0
001237ac 00000010 r blanks.1
001237cc r .LC2
001238bc 0000000c r p05.0
001238c8 00000028 R __mprec_bigtens
001238f0 000000c8 R __mprec_tens
001239b8 0000006c R __action_table
00123a24 0000006c R __state_table
00123a90 00000100 R __chclass
00123bd0 00000010 r zeroes.0
00123be0 00000010 r blanks.1
00123bf0 00000070 R dotab_stdnull
00123c60 R __tdata_align
00123c64 r 
00123c64 R __exidx_end
00123c64 R __exidx_start
00124000 00000001 D controls
00124004 00000004 D buyscreen
00124008 00000008 D clickerUown
00124010 00000008 D CPC
00124018 00000004 D buyRepeatDelay
0012401c 00000004 D clickUpPrice
00124020 00000008 D clickerUprice
00124028 00000004 D clickm2price
0012402c 00000004 D clickerprice
00124030 00000004 d framerate
00124034 00000008 d framerateCounter
0012403c 00000004 d queueLock
00124040 00000004 d kCount
00124044 00000004 d kInterval
00124048 00000004 d kDelay
0012404c W __stacksize__
00124050 00000004 D _impure_ptr
00124058 00000460 d impure_data
001244b8 00000004 D __malloc_sbrk_base
001244bc 00000004 D __malloc_trim_threshold
001244c0 00000408 D __malloc_av_
001248c8 0000016c D __global_locale
00124a34 0000008c D devoptab_list
00124ac0 00000004 d defaultDevice
00124ac4 00000400 d _current_working_directory
00124ec4 00001000 d handles
00125ec4 0000000c d __stderr_handle
00125ed0 0000000c d __stdout_handle
00125edc 0000000c d __stdin_handle
00125ef0 d _GLOBAL_OFFSET_TABLE_
00125efc d __frame_dummy_init_array_entry
00125efc D __init_array_start
00125efc B __preinit_array_end
00125efc B __preinit_array_start
00125efc D __tdata_lma
00125efc D __tdata_lma_end
00125f00 d __do_global_dtors_aux_fini_array_entry
00125f00 D __fini_array_start
00125f00 D __init_array_end
00125f04 D __bss_start__
00125f04 D __fini_array_end
00125f08 00000004 B font
00125f0c 00000004 b spriteSheet
00125f10 00000fa0 b sprites
00126eb0 00000004 B frame
00126eb4 00000001 B DEBUG
00126eb8 00000004 B clickerown
00126ec0 00000008 B clicks
00126ec8 00000001 B buy1
00126ec9 00000001 B buy2
00126ecc 00000004 B buytime
00126ed0 00000004 B clickUpOwn
00126ed4 00000004 B clickm2own
00126ed8 00000008 B CPS
00126ee0 00000004 B cpsTimer
00126ee4 b completed.1
00126ee8 b object.0
00126f00 000005a8 B __C2Di_Context
001274a8 00000040 b s_projBot
001274e8 00000040 b s_projTop
00127528 00000004 b uLoc_mdlvMtx
0012752c 00000004 b uLoc_projMtx
00127530 00000004 b s_glyphSheets
00127534 00000004 b s_textScale
00127538 000002d0 B __C3D_Context
00127808 0000000c b hookCookie
00127818 00000010 b cpuTime
00127828 00000004 b firstTarget
0012782c 00000008 b frameCounter
00127834 00000004 b frameEndCb
00127838 00000004 b frameEndCbData
00127840 00000010 b gpuTime
00127850 00000001 b inFrame
00127851 00000001 b inSafeTransfer
00127852 00000001 b isTopStereo
00127854 00000004 b lastTarget
00127858 0000000c b linkedTarget
00127864 00000001 b measureGpuTime
00127865 00000001 b needSwapBot
00127866 00000001 b needSwapTop
00127868 00000004 B C3D_BoolUnifs
0012786c 00000002 B C3D_BoolUnifsDirty
00127870 00000c00 B C3D_FVUnif
00128470 000000c0 B C3D_FVUnifDirty
00128530 00000020 B C3D_IVUnif
00128550 00000008 B C3D_IVUnifDirty
00128558 000000c0 b C3Di_FVUnifEverDirty
00128618 00000008 b C3Di_IVUnifEverDirty
00128620 00000018 b C3Di_ShaderFVecData
00128638 00000008 b sVramPoolB
00128640 00000008 b sVramPoolA
00128648 0000000c b sAddrMap
00128658 00000008 b sLinearPool
00128660 0000000c b sAddrMap
0012866c 00000004 b romfs_mount_list
00128670 00000004 V __romfs_path
00128674 00000001 V __ctru_speedup
00128678 00000004 b sharedFontAddr
0012867c 00000004 B g_sharedFont
00128680 00000004 b screenAlloc
00128684 00000004 b screenFree
00128688 00000002 b gfxIsDoubleBuf
0012868c 00000002 b gfxCurBuf
0012868e 00000001 b gfxIsVram
0012868f 00000001 b gfxTopMode
00128690 00000002 b gfxFramebufferFormats
00128694 00000004 b gfxBottomFramebufferMaxSize
00128698 00000004 b gfxTopFramebufferMaxSize
001286a0 00000008 b gfxBottomFramebuffers
001286a8 00000008 b gfxTopFramebuffers
001286b0 00000004 b boundQueue
001286b4 00000001 b shouldStop
001286b5 00000001 b isRunning
001286b6 00000001 b isActive
001286b8 00000004 b curQueue
001286bc 00000004 B gpuCmdBufOffset
001286c0 00000004 B gpuCmdBufSize
001286c4 00000004 B gpuCmdBuf
001286c8 00000004 b cfguRefCount
001286cc 00000004 b cfguHandle
001286d0 00000007 b gspEventCbOneShot
001286d8 0000001c b gspEventCbData
001286f4 0000001c b gspEventCb
00128710 00000038 b gspEvents
00128748 00000004 b gspLastEvent
0012874c 00000001 b gspRunEvents
00128750 00000004 b gspEventThread
00128754 00000004 b gspEvent
00128758 00000001 b gspGpuRight
00128759 00000001 b gspThreadId
0012875c 00000004 b gspSharedMem
00128760 00000004 b gspSharedMemHandle
00128764 00000004 b gspRefCount
00128768 00000004 b gspGpuHandle
0012876c 00000001 b flagValue.0
0012876d 00000001 b flagInit.1
00128770 00000004 b serviceName.6
00128774 00000001 b aptChainloadMediatype
00128778 00000008 b aptChainloadTid
00128780 00000001 b aptChainloadFlags
00128784 00001000 b aptParameters
00129784 00000004 b aptFlags
00129788 00000001 b aptHomeButtonState
0012978c 00000004 b aptMessageFuncData
00129790 00000004 b aptMessageFunc
00129794 0000000c b aptFirstHook
001297a0 00000001 b aptEventHandlerThreadQuit
001297a4 00000004 b aptEventHandlerThread
001297a8 00000008 b aptSleepEvent
001297b0 00000008 b aptReceiveEvent
001297b8 00000008 b aptEvents
001297c0 00000004 b aptLockHandle
001297c4 00000004 b aptRefCount
001297c8 00000001 b usingIrrst
001297cc 00000004 b hidRefCount
001297d0 00000006 b gRate
001297d8 00000006 b aVec
001297e0 00000004 b cPos
001297e4 00000004 b tPos
001297e8 00000004 b kRepeat
001297ec 00000004 b kUp
001297f0 00000004 b kDown
001297f4 00000004 b kHeld
001297f8 00000004 b kOld
001297fc 00000004 B hidSharedMem
00129800 00000014 B hidEvents
00129814 00000004 B hidMemHandle
00129818 00000004 B hidHandle
0012981c 00000004 b ptmSysmRefCount
00129820 00000004 b ptmSysmHandle
00129828 00000080 b fsExemptArchives
001298a8 00000004 b fsuRefCount
001298ac 00000004 b fsuHandle
001298b0 00000004 V __ctru_linear_heap_size
001298b4 00000004 V __ctru_heap_size
001298b8 00000004 B __ctru_linear_heap
001298bc 00000004 B __ctru_heap
001298c0 00000004 B __system_retAddr
001298c4 00000004 B __system_argv
001298c8 00000004 B __system_argc
001298cc b saved_stack
001298d4 00000004 b arbiter
001298d8 00000004 B __3dslink_host
001298dc 00000004 b srvRefCount
001298e0 00000004 b srvHandle
001298e4 00000004 b currentAddr
001298e8 00000004 b maxAddr
001298ec 00000004 b minAddr
001298f0 00000004 b irrstRefCount
001298f4 00000004 b csPos
001298f8 00000004 b kHeld
001298fc 00000004 B irrstSharedMem
00129900 00000004 B irrstEvent
00129904 00000004 B irrstMemHandle
00129908 00000004 B irrstHandle
0012990c 00000004 b srvPmHandle
00129910 00000540 b archive_devices
00129e50 00000004 b archive_device_cwd
00129e54 00000001 b archive_initialized
00129e58 0000000c b __sinit_recursive_mutex
00129e64 0000000c b __sfp_recursive_mutex
00129e70 00000028 B __malloc_current_mallinfo
00129e98 00000004 B __malloc_max_total_mem
00129e9c 00000004 B __malloc_max_sbrked_mem
00129ea0 00000004 B __malloc_top_pad
00129ea4 0000000c b __malloc_recursive_mutex
00129eb0 0000000c B __atexit_recursive_mutex
00129ebc 00000004 b heap_start.0
00129ec0 00000004 B fake_heap_start
00129ec4 00000004 B fake_heap_end
00129ec8 00000400 b temp_cwd
0012a2c8 00000004 b __hndl_lock
0012a2cc B __tls_start
0012aed4 B __bss_end__
0012aed4 A __end__
0012aed4 B __tls_end
