         w __deregister_frame_info
         w __register_frame_info
         w userAppExit
         w userAppInit
00000000 00000401 B __ctru_dev_path_buf
00000000 b _TLS_MODULE_BASE_
00000000 a shift
00000000 a shift
00000404 00000802 B __ctru_dev_utf16_buf
00100000 A __start__
00100000 T _start
00100008 T __service_ptr
0010000c T __apt_appid
00100010 T __heap_size
00100014 T __linear_heap_size
00100018 T __system_arglist
0010001c T __system_runflags
00100020 t startup
00100058 t ClearMem
0010006c t ClrLoop
00100094 T _init
001000ac T __aeabi_idiv
001000ac 00000220 T __divsi3
001000b4 t .divsi3_skip_div0_test
001002cc 00000020 T __aeabi_idivmod
001002ec 00000004 W __aeabi_idiv0
001002ec 00000004 W __aeabi_ldiv0
001002f0 T __aeabi_ldivmod
001003c4 T __aeabi_uldivmod
00100408 00000390 T strcmp
00100790 t .udivsi3_skip_div0_test
00100790 T __aeabi_uidiv
00100790 000001ec T __udivsi3
0010097c 00000020 T __aeabi_uidivmod
0010099c T __aeabi_drsub
001009a4 000002b0 T __aeabi_dsub
001009a4 000002b0 T __subdf3
001009a8 000002ac T __adddf3
001009a8 000002ac T __aeabi_dadd
00100c54 00000024 T __aeabi_ui2d
00100c54 00000024 T __floatunsidf
00100c78 00000028 T __aeabi_i2d
00100c78 00000028 T __floatsidf
00100ca0 00000048 T __aeabi_f2d
00100ca0 00000048 T __extendsfdf2
00100ce8 00000074 T __aeabi_ul2d
00100ce8 00000074 T __floatundidf
00100cfc 00000060 T __aeabi_l2d
00100cfc 00000060 T __floatdidf
00100d5c t __do_global_dtors_aux
00100d9c t frame_dummy
00100dc8 0000048c T main
00101254 00000018 T consoleSelect
0010126c 00000178 T consoleDrawChar
001013e4 00000124 T consolePrintChar
00101508 00000a00 T con_write
00101f08 00000168 T consoleInit
00102070 000000f4 t newRow
00102164 0000000c T consoleClear
00102170 000000d0 t gfxPresentFramebuffer
00102240 0000001c T gfxIsWide
0010225c 000000ec T gfxSetScreenFormat
00102348 00000010 T gfxSetDoubleBuffering
00102358 00000108 T gfxInit
00102460 00000010 T gfxInitDefault
00102470 000000b4 T gfxExit
00102524 000000a0 T gfxGetFramebuffer
001025c4 0000010c T gfxFlushBuffers
001026d0 00000050 T gfxSwapBuffers
00102720 00000050 T gfxSwapBuffersGpu
00102770 00000c58 t gspHardwareInit
001033c8 00000254 T gspInit
0010361c 000000f0 T gspExit
0010370c 00000010 T gspHasGpuRight
0010371c 00000098 T gspPresentBuffer
001037b4 00000050 T gspWaitForEvent
00103804 00000004 W gxCmdQueueInterrupt
00103808 00000160 t gspEventThreadMain
00103968 00000050 T GSPGPU_FlushDataCache
001039b8 00000034 T GSPGPU_SetLcdForceBlack
001039ec 00000068 T GSPGPU_AcquireRight
00103a54 00000048 T GSPGPU_ReleaseRight
00103a9c 0000007c T GSPGPU_ImportDisplayCaptureInfo
00103b18 0000002c T GSPGPU_SaveVramSysArea
00103b44 0000002c T GSPGPU_RestoreVramSysArea
00103b70 000001b0 t aptConvertScreenForCapture
00103d20 00000008 W aptDspSleep
00103d28 00000004 W aptDspWakeup
00103d2c 00000004 W aptDspCancel
00103d30 0000015c T aptSendCommand
00103e8c 00000038 t aptExitProcess
00103ec4 000002f0 T aptExit
001041b4 000000d8 T aptHandleSleep
0010428c 00000084 T APT_SleepIfShellClosed
00104310 00000084 T aptSetSleepAllowed
00104394 00000084 T APT_UnlockTransition
00104418 00000484 t aptEventHandler
0010489c 000000b0 T APT_ReceiveParameter
0010494c 000000b0 t aptReceiveParameter.constprop.0
00104a00 000002bc t aptScreenTransfer
00104cbc 000002d0 t aptWaitForWakeUp.isra.0
00104f8c 000000f8 T aptJumpToHomeMenu
00105084 0000004c T aptMainLoop
001050d0 00000234 T aptInit
00105304 0000007c T APT_CheckNew3DS
00105380 00000024 W hidShouldUseIrrst
001053a4 0000018c T hidInit
00105530 000000e8 T hidExit
00105618 00000294 T hidScanInput
001058ac 00000010 T hidKeysHeld
001058bc 00000010 T hidKeysDown
001058cc 00000010 T hidKeysUp
001058dc 00000018 T hidTouchRead
001058f4 00000018 T hidCircleRead
0010590c 00000038 W __libctru_init
00105944 000000f0 W __system_initArgv
00105a34 T svcControlMemory
00105a54 T svcQueryMemory
00105a84 T svcExitProcess
00105a8c T svcCreateThread
00105aac T svcExitThread
00105ab4 T svcSleepThread
00105abc T svcReleaseMutex
00105ac4 T svcCreateEvent
00105ad8 T svcSignalEvent
00105ae0 T svcClearEvent
00105ae8 T svcMapMemoryBlock
00105af0 T svcUnmapMemoryBlock
00105af8 T svcCreateAddressArbiter
00105b0c T svcArbitrateAddressNoTimeout
00105b14 T svcCloseHandle
00105b1c T svcWaitSynchronization
00105b24 T svcWaitSynchronizationN
00105b4c T svcDuplicateHandle
00105b60 T svcGetSystemTick
00105b68 T svcConnectToPort
00105b7c T svcSendSyncRequest
00105b84 T svcGetResourceLimit
00105b98 T svcGetResourceLimitLimitValues
00105ba0 T svcGetResourceLimitCurrentValues
00105ba8 T svcBreak
00105bb0 W initSystem
00105c00 W __ctru_exit
00105c18 00000024 t addrMapNodeComparator(rbtree_node const*, rbtree_node const*)
00105c3c 00000004 t addrMapNodeDestructor(rbtree_node*)
00105c40 00000114 T vramMemAlign
00105d54 00000008 T vramAlloc
00105d5c 0000005c T vramFree
00105db8 00000024 t addrMapNodeComparator(rbtree_node const*, rbtree_node const*)
00105ddc 00000004 t addrMapNodeDestructor(rbtree_node*)
00105de0 00000120 T linearMemAlign
00105f00 00000008 T linearAlloc
00105f08 0000005c T linearFree
00105f64 00000084 T MemPool::CoalesceRight(MemBlock*)
00105fe8 00000170 T MemPool::Allocate(MemChunk&, unsigned long, int)
00106158 000000fc T MemPool::Deallocate(MemChunk const&)
00106254 0000000c T __sync_init
00106260 00000018 T __sync_fini
00106278 0000002c T syncArbitrateAddress
001062a4 0000001c T LightLock_Init
001062c0 00000094 T LightLock_Lock
00106354 00000044 T LightLock_TryLock
00106398 00000040 T LightLock_Unlock
001063d8 00000024 T RecursiveLock_Init
001063fc 00000030 T RecursiveLock_Lock
0010642c 00000078 T RecursiveLock_TryLock
001064a4 00000054 T RecursiveLock_Unlock
001064f8 00000040 T LightEvent_Init
00106538 000000a4 T LightEvent_Clear
001065dc 000000c8 T LightEvent_Signal
001066a4 00000058 T LightEvent_TryWait
001066fc 000000b0 T LightEvent_Wait
001067ac 00000054 T osGetTimeRef
00106800 000000e4 T osGetTime
001068e4 00000074 T __libctru_gtod
00106958 00000034 T __ctru_speedup_config
0010698c 00000124 T srvInit
00106ab0 00000058 T srvExit
00106b08 00000080 T srvGetServiceHandleDirect
00106b88 00000048 T srvGetServiceHandle
00106bd0 00000038 T srvPublishToSubscriber
00106c08 00000188 T threadCreate
00106d90 0000002c T threadFree
00106dbc 00000024 T threadJoin
00106de0 00000030 T threadGetCurrent
00106e10 00000040 T threadExit
00106e50 00000044 t _thread_begin
00106e94 00000094 t mappableFindAddressWithin
00106f28 00000028 T mappableInit
00106f50 00000080 T mappableAlloc
00106fd0 00000004 T mappableFree
00106fd4 00000160 T irrstInit
00107134 000000cc T irrstExit
00107200 000000b0 T irrstScanInput
001072b0 00000024 T irrstKeysHeld
001072d4 0000000c T srvPmGetSessionHandle
001072e0 00000074 T ptmSysmInit
00107354 0000003c T ptmSysmExit
00107390 00000034 T PTMSYSM_ConfigureNew3DSCPU
001073c4 00000010 T rbtree_init
001073d4 000001a0 t do_insert
00107574 00000008 T rbtree_insert
0010757c 00000090 T rbtree_rotate
0010760c 00000338 T rbtree_remove
00107944 00000074 T rbtree_find
001079b8 00000030 W __appInit
001079e8 00000030 t __libctru_nanosleep
00107a18 00000030 t __libctru_get_reent
00107a48 000000f8 T __system_initSyscalls
00107b40 000001e0 W __system_allocateHeaps
00107d20 00000030 W __appExit
00107d50 00000090 W __libctru_exit
00107de0 00000084 W envGetHandle
00107e64 00000050 W envDestroyHandles
00107eb4 00000014 t archive_link
00107ec8 00000014 t archive_dirreset
00107edc 00000014 t archive_chmod
00107ef0 00000024 t error_cmp
00107f14 00000050 t archive_translate_error
00107f64 000000d4 t archive_seek
00108038 0000007c t _archiveInit.part.0
001080b4 0000008c t archiveFindDevice.part.0
00108140 00000294 t archive_utf16path
001083d4 000000a0 t _archiveUnmountDeviceStruct.part.0
00108474 00000014 t archive_fchmod
00108488 00000014 t archive_statvfs
0010849c 00000158 t _archiveMountDevice
001085f4 000000e8 t archive_diropen
001086dc 000000a4 t archive_fstat
00108780 0000006c t archive_close
001087ec 0000006c t archive_fsync
00108858 00000070 t archive_dirclose
001088c8 000000e8 t sdmc_statvfs
001089b0 00000080 t archive_ftruncate
00108a30 000000fc t archive_chdir
00108b2c 000000b0 t archive_read
00108bdc 000000ac t archive_unlink
00108c88 000000c8 t archive_rmdir
00108d50 000000ec t archive_mkdir
00108e3c 000001a8 t archive_stat
00108fe4 00000184 t archive_rename
00109168 00000168 t archive_dirnext
001092d0 0000012c t archive_write
001093fc 000001f0 t archive_open
001095ec 000001a4 T archiveMountSdmc
00109790 00000054 T archiveUnmountAll
001097e4 000000c8 T fsInit
001098ac 0000003c T fsExit
001098e8 00000060 T fsExemptFromSession
00109948 00000050 T fsUnexemptFromSession
00109998 000000cc T FSUSER_OpenFile
00109a64 000000bc T FSUSER_DeleteFile
00109b20 000000f8 T FSUSER_RenameFile
00109c18 000000bc T FSUSER_DeleteDirectory
00109cd4 000000d4 T FSUSER_CreateFile
00109da8 000000c4 T FSUSER_CreateDirectory
00109e6c 000000f8 T FSUSER_RenameDirectory
00109f64 000000b4 T FSUSER_OpenDirectory
0010a018 00000094 T FSUSER_OpenArchive
0010a0ac 0000008c T FSUSER_CloseArchive
0010a138 00000074 T FSUSER_GetSdmcArchiveResource
0010a1ac 00000064 T FSUSER_IsSdmcWritable
0010a210 00000058 T FSFILE_Read
0010a268 00000060 T FSFILE_Write
0010a2c8 00000038 T FSFILE_GetSize
0010a300 00000028 T FSFILE_SetSize
0010a328 0000003c T FSFILE_Close
0010a364 00000024 T FSFILE_Flush
0010a388 00000050 T FSDIR_Read
0010a3d8 0000003c T FSDIR_Close
0010a414 00000050 T rbtree_node_next
0010a464 000000e8 T utf16_to_utf8
0010a54c 00000064 T decode_utf16
0010a5b0 0000013c T decode_utf8
0010a6ec 000000c0 T utf8_to_utf16
0010a7ac T __aeabi_read_tp
0010a7b8 00000060 T encode_utf16
0010a818 000000fc T encode_utf8
0010a914 00000120 T __udivmoddi4
0010aa34 00000078 T bsearch
0010aaac 0000000c T __errno
0010aab8 00000034 T exit
0010aaec 0000003c T __libc_fini_array
0010ab28 0000007c T __libc_init_array
0010aba4 00000034 T iprintf
0010abd8 00000028 T memalign
0010ac00 00000150 T _memalign_r
0010ad50 00000020 T malloc
0010ad70 00000020 T free
0010ad90 000007e0 T _malloc_r
0010b570 000000e0 T memchr
0010b650 0000011c T memcpy
0010b76c 00000118 T memset
0010b884 0000000c T __malloc_lock
0010b890 0000000c T __malloc_unlock
0010b89c 00000034 T printf
0010b8d0 00000260 T setvbuf
0010bb30 00000074 T sscanf
0010bba4 00000044 T __sread
0010bbe8 00000008 T __seofread
0010bbf0 00000068 T __swrite
0010bc58 00000048 T __sseek
0010bca0 00000008 T __sclose
0010bca8 0000005c T strlen
0010bd04 000000ec T strncat
0010bdf0 000000dc T strncmp
0010becc 000000c0 T strncpy
0010bf8c 00000048 T strnlen
0010bfd4 00000050 t get_arg
0010c024 00002bbc T __ssvfscanf_r
0010ebe0 00000628 t get_arg
0010f208 00000030 T __sprint_r
0010f238 0000233c T _vfiprintf_r
00111574 000000d4 t __sbprintf
00111648 00000628 t get_arg
00111c70 00003684 T _vfprintf_r
001152f4 000000d4 t __sbprintf
001153c8 00000054 T _wcrtomb_r
0011541c 00000028 T _wcsrtombs_r
00115444 00000154 T __swsetup_r
00115598 00000114 T __call_exitprocs
001156ac 000001ac t quorem
00115858 000012cc T _dtoa_r
00116b24 00000258 T __sflush_r
00116d7c 00000094 T _fflush_r
00116e10 0000000c T _cleanup_r
00116e1c 00000184 T __sinit
00116fa0 0000000c T __sfp_lock_acquire
00116fac 0000000c T __sfp_lock_release
00116fb8 000000f8 T _malloc_trim_r
001170b0 000002e4 T _free_r
00117394 000004c0 T __sfvwrite_r
00117854 00000070 T _fwalk_reent
001178c4 00000008 T iswspace
001178cc 0000000c T _localeconv_r
001178d8 00000010 T __locale_mb_cur_max
001178e8 00000138 T __smakebuf_r
00117a20 0000008c T __swhatbuf_r
00117aac 00000068 T _mbrtowc_r
00117b14 000002e4 T __utf8_mbtowc
00117df8 00000154 T memmove
00117f4c 00000088 T _Balloc
00117fd4 0000001c T _Bfree
00117ff0 000000f4 T __multadd
001180e4 00000110 T __s2b
001181f4 00000058 T __hi0bits
0011824c 00000094 T __lo0bits
001182e0 000000a4 T __i2b
00118384 00000204 T __multiply
00118588 00000120 T __pow5mult
001186a8 0000013c T __lshift
001187e4 00000058 T __mcmp
0011883c 000001cc T __mdiff
00118a08 00000074 T __ulp
00118a7c 000000d0 T __b2d
00118b4c 00000124 T __d2b
00118c70 00000078 T __ratio
00118ce8 00000088 T __copybits
00118d70 0000005c T __any_on
00118dcc 00000028 T realloc
00118df4 00000558 T _realloc_r
0011934c 000000e4 T __sccl
00119430 0000000c T nanf
00119440 000000a8 T frexp
001194e8 00000064 T sprintf
0011954c 000000b8 T stpncpy
00119604 0000012c T strchr
00119730 00001368 T _strtod_l
0011aa98 0000000c T _strtod_r
0011aaa4 0000022c t _strtoll_l.constprop.0
0011acd0 00000004 T _strtoll_r
0011acd4 000001a4 t _strtol_l.part.0
0011ae78 0000003c T _strtol_r
0011aeb4 00000244 t _strtoull_l.constprop.0
0011b0f8 00000004 T _strtoull_r
0011b0fc 000001c4 t _strtoul_l.constprop.0
0011b2c0 00000004 T _strtoul_r
0011b2c4 00000190 T __ssprint_r
0011b454 000000e0 T _sungetc_r
0011b534 0000006c T __ssrefill_r
0011b5a0 000000c8 T _sfread_r
0011b668 00000628 t get_arg
0011bc90 000035b8 T _svfprintf_r
0011f248 000000a8 T __submore
0011f2f0 00000190 T _wcsnrtombs_l
0011f480 0000004c T _wcsnrtombs_r
0011f4cc 000000f0 T __utf8_wctomb
0011f5bc 00000054 T __assert_func
0011f610 000000bc T _calloc_r
0011f6cc 00000160 T _fclose_r
0011f82c 0000003c T fiprintf
0011f868 000000ec t rshift
0011f954 00000904 T __gethex
00120258 0000004c T __match
001202a4 0000029c T __hexnan
00120540 0000003c T iswspace_l
0012057c 000001d4 t __jp2uc
00120750 0000009c T _jp2uc_l
001207f0 00000010 T nan
00120800 00000014 T abort
00120814 00000084 T category
00120898 00000098 T _raise_r
00120930 00000020 T raise
00120950 00000008 t null_write
00120958 00000018 T setDefaultDevice
00120970 000000c8 T FindDevice
00120a38 00000028 T RemoveDevice
00120a60 0000009c T AddDevice
00120afc 00000020 T GetDeviceOpTab
00120b1c 00000078 T _fstat_r
00120b94 00000014 T _getpid_r
00120ba8 00000008 T _isatty_r
00120bb0 00000014 T _kill_r
00120bc4 00000084 T _lseek_r
00120c48 00000080 T _read_r
00120cc8 00000078 T _sbrk_r
00120d40 00000080 T _write_r
00120dc0 00000024 T _exit
00120de4 000001b8 T _concatenate_path
00120f9c 00000160 T chdir
001210fc 00000008 T __flockfile
00121104 00000008 T __funlockfile
0012110c 00000018 T __libc_lock_acquire
00121124 00000018 T __libc_lock_release
0012113c 00000018 T __libc_lock_init_recursive
00121154 00000018 T __libc_lock_acquire_recursive
0012116c 00000018 T __libc_lock_release_recursive
00121184 00000018 T __libc_lock_close_recursive
0012119c 0000003c T __get_handle
001211d8 000000f4 T _close_r
001212cc 00000028 T __getreent
001212f4 00000038 T __aeabi_d2lz
001212f4 00000038 T __fixdfdi
00121330 00000040 T __aeabi_d2ulz
00121330 00000040 T __fixunsdfdi
00121370 00000044 T strrchr
001213b4 T _fini
00122010 R buy1_bgr
0015a410 R buy1_bgr_end
0015a410 R buy2_bgr
00192810 R buy2_bgr_end
00192958 00000030 r colorTable
00192988 00000070 r dotab_stdout
00192a1c 00000008 r morton_x.3
00192a24 00000008 r morton_y.2
00192a2c 00000008 r s_sleepWakeEvents.4
00192a4c R default_font_bin
0019324c R default_font_bin_end
00193284 00000070 r archive_devoptab
001932f4 00000030 r error_table
0019332c 00000004 R _global_impure_ptr
00193338 00000022 r basefix.0
00193384 00000010 r blanks.1
00193394 00000010 r zeroes.0
001933b8 00000010 r blanks.1
001933c8 00000010 r zeroes.0
001933d8 00000101 R _ctype_
001934ec r .LC2
001935d0 00000028 R __mprec_bigtens
001935f8 000000c8 R __mprec_tens
001936c0 0000000c r p05.0
001936dc 00000014 r fpi.1
001936f0 00000014 r fpinan.0
00193708 00000028 r tinytens
00193730 0000006c R __action_table
0019379c 00000100 R __chclass
0019389c 0000006c R __state_table
00193908 00000010 r blanks.1
00193918 00000010 r zeroes.0
001939b0 00000100 R __hexdig
00193ac4 000000bc r a1
00193b80 000000bc r a2
00193c3c 0000005b r a3
00193c98 00000070 r a6
00193d08 000000a2 r a7
00193dac 00000040 r a8
00193dec 0000172a r b02cf
00195518 00001a7c r d02f4
00196f94 0000000c R _C_numeric_locale
00196fa0 000031e6 r categories
0019a188 00000070 R dotab_stdnull
0019a1f8 r 
0019a1f8 R __exidx_end
0019a1f8 R __exidx_start
0019b000 00000004 D buyscreen
0019b004 00000004 D clickUpPrice
0019b008 00000004 D clickerUprice
0019b00c 00000004 D CPC
0019b010 00000004 D clickerUown
0019b014 00000004 D clickerprice
0019b018 00000004 D clickm2price
0019b01c 00000004 D currentConsole
0019b020 0000004c D defaultConsole
0019b06c 00000001 d firstConsoleInit.0
0019b070 00000004 d kCount
0019b074 00000004 d kDelay
0019b078 00000004 d kInterval
0019b07c W __stacksize__
0019b080 00000004 D _impure_ptr
0019b088 00000460 d impure_data
0019b4e8 00000408 D __malloc_av_
0019b8f0 00000004 D __malloc_sbrk_base
0019b8f4 00000004 D __malloc_trim_threshold
0019b8f8 0000000c d __malloc_recursive_mutex
0019b904 0000000c D __atexit_recursive_mutex
0019b910 0000000c d __sfp_recursive_mutex
0019b91c 0000000c d __sinit_recursive_mutex
0019b928 0000016c D __global_locale
0019ba94 00000002 d numempty
0019ba98 00000004 d defaultDevice
0019ba9c 0000008c D devoptab_list
0019bb28 00000400 d _current_working_directory
0019bf28 00000004 d __hndl_lock
0019bf2c 0000000c d __stderr_handle
0019bf38 0000000c d __stdin_handle
0019bf44 0000000c d __stdout_handle
0019bf50 00001000 d handles
0019cf58 d _GLOBAL_OFFSET_TABLE_
0019cf64 d __frame_dummy_init_array_entry
0019cf64 D __init_array_start
0019cf64 B __preinit_array_end
0019cf64 B __preinit_array_start
0019cf64 D __tdata_lma
0019cf64 D __tdata_lma_end
0019cf68 d __do_global_dtors_aux_fini_array_entry
0019cf68 D __fini_array_start
0019cf68 D __init_array_end
0019cf6c D __bss_start__
0019cf6c D __fini_array_end
0019cf6c 00000001 B buy1
0019cf70 00000004 B buytime
0019cf74 00000004 B clicks
0019cf78 00000004 B clickerown
0019cf7c 00000004 B CPS
0019cf80 00000004 B cpsTimer
0019cf84 00000001 B buy2
0019cf85 b completed.1
0019cf88 b object.0
0019cfa0 0000004c B currentCopy
0019cfec 00000004 b gfxBottomFramebufferMaxSize
0019cff0 00000008 b gfxBottomFramebuffers
0019cff8 00000002 b gfxCurBuf
0019cffc 00000002 b gfxFramebufferFormats
0019d000 00000002 b gfxIsDoubleBuf
0019d002 00000001 b gfxIsVram
0019d004 00000004 b gfxTopFramebufferMaxSize
0019d008 00000008 b gfxTopFramebuffers
0019d010 00000001 b gfxTopMode
0019d014 00000004 b screenAlloc
0019d018 00000004 b screenFree
0019d01c 00000004 b gspEvent
0019d020 0000001c b gspEventCb
0019d03c 0000001c b gspEventCbData
0019d058 00000007 b gspEventCbOneShot
0019d060 00000004 b gspEventThread
0019d064 00000038 b gspEvents
0019d09c 00000004 b gspGpuHandle
0019d0a0 00000001 b gspGpuRight
0019d0a4 00000004 b gspLastEvent
0019d0a8 00000004 b gspRefCount
0019d0ac 00000001 b gspRunEvents
0019d0b0 00000004 b gspSharedMem
0019d0b4 00000004 b gspSharedMemHandle
0019d0b8 00000001 b gspThreadId
0019d0b9 00000001 b aptChainloadFlags
0019d0ba 00000001 b aptChainloadMediatype
0019d0c0 00000008 b aptChainloadTid
0019d0c8 00000004 b aptEventHandlerThread
0019d0cc 00000001 b aptEventHandlerThreadQuit
0019d0d0 00000008 b aptEvents
0019d0d8 0000000c b aptFirstHook
0019d0e4 00000004 b aptFlags
0019d0e8 00000001 b aptHomeButtonState
0019d0ec 00000004 b aptLockHandle
0019d0f0 00000004 b aptMessageFunc
0019d0f4 00000004 b aptMessageFuncData
0019d0f8 00001000 b aptParameters
0019e0f8 00000008 b aptReceiveEvent
0019e100 00000004 b aptRefCount
0019e104 00000008 b aptSleepEvent
0019e10c 00000001 b flagInit.1
0019e10d 00000001 b flagValue.0
0019e110 00000004 b serviceName.6
0019e114 00000006 b aVec
0019e11c 00000004 b cPos
0019e120 00000006 b gRate
0019e128 00000014 B hidEvents
0019e13c 00000004 B hidHandle
0019e140 00000004 B hidMemHandle
0019e144 00000004 b hidRefCount
0019e148 00000004 B hidSharedMem
0019e14c 00000004 b kDown
0019e150 00000004 b kHeld
0019e154 00000004 b kOld
0019e158 00000004 b kRepeat
0019e15c 00000004 b kUp
0019e160 00000004 b tPos
0019e164 00000001 b usingIrrst
0019e168 00000004 B __system_retAddr
0019e16c 00000004 B __system_argc
0019e170 00000004 B __system_argv
0019e174 b saved_stack
0019e17c 0000000c b sAddrMap
0019e188 00000008 b sVramPool
0019e190 00000008 b sLinearPool
0019e198 0000000c b sAddrMap
0019e1a4 00000004 b arbiter
0019e1a8 00000001 V __ctru_speedup
0019e1ac 00000004 b srvHandle
0019e1b0 00000004 b srvRefCount
0019e1b4 00000004 b currentAddr
0019e1b8 00000004 b maxAddr
0019e1bc 00000004 b minAddr
0019e1c0 00000004 b csPos
0019e1c4 00000004 B irrstEvent
0019e1c8 00000004 B irrstHandle
0019e1cc 00000004 B irrstMemHandle
0019e1d0 00000004 b irrstRefCount
0019e1d4 00000004 B irrstSharedMem
0019e1d8 00000004 b kHeld
0019e1dc 00000004 b srvPmHandle
0019e1e0 00000004 b ptmSysmHandle
0019e1e4 00000004 b ptmSysmRefCount
0019e1e8 00000004 B __ctru_heap
0019e1ec 00000004 V __ctru_heap_size
0019e1f0 00000004 B __ctru_linear_heap
0019e1f4 00000004 V __ctru_linear_heap_size
0019e1f8 00000004 b archive_device_cwd
0019e200 00000540 b archive_devices
0019e740 00000001 b archive_initialized
0019e748 00000080 b fsExemptArchives
0019e7c8 00000004 b fsuHandle
0019e7cc 00000004 b fsuRefCount
0019e7d0 00000028 B __malloc_current_mallinfo
0019e7f8 00000004 B __malloc_max_sbrked_mem
0019e7fc 00000004 B __malloc_max_total_mem
0019e800 00000004 B __malloc_top_pad
0019e804 00000004 b heap_start.0
0019e808 00000004 B fake_heap_end
0019e80c 00000004 B fake_heap_start
0019e810 00000400 b temp_cwd
0019ec10 00000048 B __syscalls
0019ec58 B __tls_start
0019f860 B __bss_end__
0019f860 A __end__
0019f860 B __tls_end
